
> tradersbackend@1.0.0 start
> node src/server.js

[dotenv@17.3.1] injecting env (6) from .env -- tip: ⚙️  override existing env vars with { override: true }
[dotenv@17.3.1] injecting env (0) from .env -- tip: 🤖 agentic secret storage: https://dotenvx.com/as2
[dotenv@17.3.1] injecting env (0) from .env -- tip: ⚡️ secrets for agents: https://dotenvx.com/as2
[dotenv@17.3.1] injecting env (0) from .env -- tip: ⚙️  load multiple .env files with { path: ['.env.local', '.env'] }
⚠️ ImageKit credentials missing in .env. Image uploads will not work.

🔄 Running DB migrations...
✅ MySQL Connected Successfully
✅ DB migrations complete

⚠️  Kite credentials not available, falling back to mock engine
📉 Kite Ticker not available — using mock engine for prices
node:events:496
      throw er; // Unhandled 'error' event
      ^

Error: listen EADDRINUSE: address already in use :::5000
    at Server.setupListenHandle [as _listen2] (node:net:1937:16)
    at listenInCluster (node:net:1994:12)
    at Server.listen (node:net:2099:7)
    at C:\Users\dell\OneDrive\Desktop\trader\traders\Tradersbackend\src\server.js:126:16
    at process.processTicksAndRejections (node:internal/process/task_queues:105:5)
Emitted 'error' event on Server instance at:
    at emitErrorNT (node:net:1973:8)
    at process.processTicksAndRejections (node:internal/process/task_queues:90:21) {
  code: 'EADDRINUSE',
  errno: -4091,
  syscall: 'listen',
  address: '::',
  port: 5000
}

Node.js v22.14.0
